Arguments: 
  C:\Program Files\nodejs\node.exe C:\Users\thaku\AppData\Roaming\npm\node_modules\yarn\bin\yarn.js add stripe

PATH: 
  C:\Windows\system32;C:\Windows;C:\Windows\System32\Wbem;C:\Windows\System32\WindowsPowerShell\v1.0\;C:\Windows\System32\OpenSSH\;C:\Program Files\nodejs\;C:\Program Files\Git\cmd;C:\Users\thaku\AppData\Local\Microsoft\WindowsApps;C:\Users\thaku\AppData\Roaming\npm;C:\Users\thaku\AppData\Local\Programs\Microsoft VS Code\bin;C:\Program Files\MongoDB\Server\6.0\bin;C:\Program Files\Git\bin;C:\Users\thaku\OneDrive\Desktop\mongosh-1.10.2-win32-x64\mongosh-1.10.2-win32-x64\bin;

Yarn version: 
  1.22.19

Node version: 
  18.16.1

Platform: 
  win32 x64

Trace: 
  Error: getaddrinfo ENOTFOUND registry.yarnpkg.com
      at GetAddrInfoReqWrap.onlookup [as oncomplete] (node:dns:107:26)

npm manifest: 
  {
    "dependencies": {
      "antd": "^5.8.5",
      "express": "^4.18.2",
      "http-proxy-middleware": "^2.0.6",
      "moment": "^2.29.4",
      "mongoose": "^7.4.3",
      "router": "^1.3.8",
      "yarn": "^1.22.19"
    },
    "name": "booking",
    "version": "1.0.0",
    "main": "index.js",
    "license": "MIT"
  }

yarn manifest: 
  No manifest

Lockfile: 
  # THIS IS AN AUTOGENERATED FILE. DO NOT EDIT THIS FILE DIRECTLY.
  # yarn lockfile v1
  
  
  "@ant-design/colors@^7.0.0":
    version "7.0.0"
    resolved "https://registry.yarnpkg.com/@ant-design/colors/-/colors-7.0.0.tgz#eb7eecead124c3533aea05d61254f0a17f2b61b3"
    integrity sha512-iVm/9PfGCbC0dSMBrz7oiEXZaaGH7ceU40OJEfKmyuzR9R5CRimJYPlRiFtMQGQcbNMea/ePcoIebi4ASGYXtg==
    dependencies:
      "@ctrl/tinycolor" "^3.4.0"
  
  "@ant-design/cssinjs@^1.16.0":
    version "1.17.0"
    resolved "https://registry.yarnpkg.com/@ant-design/cssinjs/-/cssinjs-1.17.0.tgz#a3f69cf5131539b76ccdbfced43d242557599fea"
    integrity sha512-MgGCZ6sfD3yQB0XW0hN4jgixMxApTlDYyct+pc7fRZNO4CaqWWm/9iXkkljNR27lyWLZmm+XiDfcIOo1bnrnMA==
    dependencies:
      "@babel/runtime" "^7.11.1"
      "@emotion/hash" "^0.8.0"
      "@emotion/unitless" "^0.7.5"
      classnames "^2.3.1"
      csstype "^3.0.10"
      rc-util "^5.35.0"
      stylis "^4.0.13"
  
  "@ant-design/icons-svg@^4.3.0":
    version "4.3.1"
    resolved "https://registry.yarnpkg.com/@ant-design/icons-svg/-/icons-svg-4.3.1.tgz#4b2f65a17d4d32b526baa6414aca2117382bf8da"
    integrity sha512-4QBZg8ccyC6LPIRii7A0bZUk3+lEDCLnhB+FVsflGdcWPPmV+j3fire4AwwoqHV/BibgvBmR9ZIo4s867smv+g==
  
  "@ant-design/icons@^5.2.2":
    version "5.2.5"
    resolved "https://registry.yarnpkg.com/@ant-design/icons/-/icons-5.2.5.tgz#852474359e271a36e54a4ac115065fae7396277e"
    integrity sha512-9Jc59v5fl5dzmxqLWtRev3dJwU7Ya9ZheoI6XmZjZiQ7PRtk77rC+Rbt7GJzAPPg43RQ4YO53RE1u8n+Et97vQ==
    dependencies:
      "@ant-design/colors" "^7.0.0"
      "@ant-design/icons-svg" "^4.3.0"
      "@babel/runtime" "^7.11.2"
      classnames "^2.2.6"
      lodash.camelcase "^4.3.0"
      rc-util "^5.31.1"
  
  "@ant-design/react-slick@~1.0.0":
    version "1.0.2"
    resolved "https://registry.yarnpkg.com/@ant-design/react-slick/-/react-slick-1.0.2.tgz#241bb412aeacf7ff5d50c61fa5db66773fde6b56"
    integrity sha512-Wj8onxL/T8KQLFFiCA4t8eIRGpRR+UPgOdac2sYzonv+i0n3kXHmvHLLiOYL655DQx2Umii9Y9nNgL7ssu5haQ==
    dependencies:
      "@babel/runtime" "^7.10.4"
      classnames "^2.2.5"
      json2mq "^0.2.0"
      resize-observer-polyfill "^1.5.1"
      throttle-debounce "^5.0.0"
  
  "@babel/runtime@^7.10.1", "@babel/runtime@^7.10.4", "@babel/runtime@^7.11.1", "@babel/runtime@^7.11.2", "@babel/runtime@^7.12.5", "@babel/runtime@^7.16.7", "@babel/runtime@^7.18.0", "@babel/runtime@^7.18.3", "@babel/runtime@^7.20.0", "@babel/runtime@^7.20.7", "@babel/runtime@^7.21.0", "@babel/runtime@^7.22.5":
    version "7.22.11"
    resolved "https://registry.yarnpkg.com/@babel/runtime/-/runtime-7.22.11.tgz#7a9ba3bbe406ad6f9e8dd4da2ece453eb23a77a4"
    integrity sha512-ee7jVNlWN09+KftVOu9n7S8gQzD/Z6hN/I8VBRXW4P1+Xe7kJGXMwu8vds4aGIMHZnNbdpSWCfZZtinytpcAvA==
    dependencies:
      regenerator-runtime "^0.14.0"
  
  "@ctrl/tinycolor@^3.4.0", "@ctrl/tinycolor@^3.6.0":
    version "3.6.1"
    resolved "https://registry.yarnpkg.com/@ctrl/tinycolor/-/tinycolor-3.6.1.tgz#b6c75a56a1947cc916ea058772d666a2c8932f31"
    integrity sha512-SITSV6aIXsuVNV3f3O0f2n/cgyEDWoSqtZMYiAmcsYHydcKrOz3gUxB/iXd/Qf08+IZX4KpgNbvUdMBmWz+kcA==
  
  "@emotion/hash@^0.8.0":
    version "0.8.0"
    resolved "https://registry.yarnpkg.com/@emotion/hash/-/hash-0.8.0.tgz#bbbff68978fefdbe68ccb533bc8cbe1d1afb5413"
    integrity sha512-kBJtf7PH6aWwZ6fka3zQ0p6SBYzx4fl1LoZXE2RrnYST9Xljm7WfKJrU4g/Xr3Beg72MLrp1AWNUmuYJTL7Cow==
  
  "@emotion/unitless@^0.7.5":
    version "0.7.5"
    resolved "https://registry.yarnpkg.com/@emotion/unitless/-/unitless-0.7.5.tgz#77211291c1900a700b8a78cfafda3160d76949ed"
    integrity sha512-OWORNpfjMsSSUBVrRBVGECkhWcULOAJz9ZW8uK9qgxD+87M7jHRcvh/A96XXNhXTLmKcoYSQtBEX7lHMO7YRwg==
  
  "@rc-component/color-picker@~1.4.0":
    version "1.4.1"
    resolved "https://registry.yarnpkg.com/@rc-component/color-picker/-/color-picker-1.4.1.tgz#dcab0b660e9c4ed63a7582db68ed4a77c862cb93"
    integrity sha512-vh5EWqnsayZa/JwUznqDaPJz39jznx/YDbyBuVJntv735tKXKwEUZZb2jYEldOg+NKWZwtALjGMrNeGBmqFoEw==
    dependencies:
      "@babel/runtime" "^7.10.1"
      "@ctrl/tinycolor" "^3.6.0"
      classnames "^2.2.6"
      rc-util "^5.30.0"
  
  "@rc-component/context@^1.3.0":
    version "1.4.0"
    resolved "https://registry.yarnpkg.com/@rc-component/context/-/context-1.4.0.tgz#dc6fb021d6773546af8f016ae4ce9aea088395e8"
    integrity sha512-kFcNxg9oLRMoL3qki0OMxK+7g5mypjgaaJp/pkOis/6rVxma9nJBF/8kCIuTYHUQNr0ii7MxqE33wirPZLJQ2w==
    dependencies:
      "@babel/runtime" "^7.10.1"
      rc-util "^5.27.0"
  
  "@rc-component/mini-decimal@^1.0.1":
    version "1.1.0"
    resolved "https://registry.yarnpkg.com/@rc-component/mini-decimal/-/mini-decimal-1.1.0.tgz#7b7a362b14a0a54cb5bc6fd2b82731f29f11d9b0"
    integrity sha512-jS4E7T9Li2GuYwI6PyiVXmxTiM6b07rlD9Ge8uGZSCz3WlzcG5ZK7g5bbuKNeZ9pgUuPK/5guV781ujdVpm4HQ==
    dependencies:
      "@babel/runtime" "^7.18.0"
  
  "@rc-component/mutate-observer@^1.0.0":
    version "1.1.0"
    resolved "https://registry.yarnpkg.com/@rc-component/mutate-observer/-/mutate-observer-1.1.0.tgz#ee53cc88b78aade3cd0653609215a44779386fd8"
    integrity sha512-QjrOsDXQusNwGZPf4/qRQasg7UFEj06XiCJ8iuiq/Io7CrHrgVi6Uuetw60WAMG1799v+aM8kyc+1L/GBbHSlw==
    dependencies:
      "@babel/runtime" "^7.18.0"
      classnames "^2.3.2"
      rc-util "^5.24.4"
  
  "@rc-component/portal@^1.0.0-8", "@rc-component/portal@^1.0.0-9", "@rc-component/portal@^1.0.2", "@rc-component/portal@^1.1.0", "@rc-component/portal@^1.1.1":
    version "1.1.2"
    resolved "https://registry.yarnpkg.com/@rc-component/portal/-/portal-1.1.2.tgz#55db1e51d784e034442e9700536faaa6ab63fc71"
    integrity sha512-6f813C0IsasTZms08kfA8kPAGxbbkYToa8ALaiDIGGECU4i9hj8Plgbx0sNJDrey3EtHO30hmdaxtT0138xZcg==
    dependencies:
      "@babel/runtime" "^7.18.0"
      classnames "^2.3.2"
      rc-util "^5.24.4"
  
  "@rc-component/tour@~1.8.1":
    version "1.8.1"
    resolved "https://registry.yarnpkg.com/@rc-component/tour/-/tour-1.8.1.tgz#a820714b66cb17f317ebd21ac1b45733d2b99183"
    integrity sha512-CsrQnfKgNArxx2j1RNHVLZgVA+rLrEj06lIsl4KSynMqADsqz8eKvVkr0F3p9PA10948M6WEEZt5a/FGAbGR2A==
    dependencies:
      "@babel/runtime" "^7.18.0"
      "@rc-component/portal" "^1.0.0-9"
      "@rc-component/trigger" "^1.3.6"
      classnames "^2.3.2"
      rc-util "^5.24.4"
  
  "@rc-component/trigger@^1.0.4", "@rc-component/trigger@^1.15.0", "@rc-component/trigger@^1.3.6", "@rc-component/trigger@^1.5.0", "@rc-component/trigger@^1.6.2", "@rc-component/trigger@^1.7.0":
    version "1.15.6"
    resolved "https://registry.yarnpkg.com/@rc-component/trigger/-/trigger-1.15.6.tgz#ccb71f16229e832e15b3869817cbe24f5e59b54c"
    integrity sha512-Tl19KaGsShf4yzqxumsXVT4c7j0l20Dxe5hgP5S0HmxyhCg3oKen28ntGavRCIPW7cl7wgsGotntqcIokgDHzg==
    dependencies:
      "@babel/runtime" "^7.18.3"
      "@rc-component/portal" "^1.1.0"
      classnames "^2.3.2"
      rc-align "^4.0.0"
      rc-motion "^2.0.0"
      rc-resize-observer "^1.3.1"
      rc-util "^5.33.0"
  
  "@types/http-proxy@^1.17.8":
    version "1.17.11"
    resolved "https://registry.npmjs.org/@types/http-proxy/-/http-proxy-1.17.11.tgz"
    integrity sha512-HC8G7c1WmaF2ekqpnFq626xd3Zz0uvaqFmBJNRZCGEZCXkvSdJoNFn/8Ygbd9fKNQj8UzLdCETaI0UWPAjK7IA==
    dependencies:
      "@types/node" "*"
  
  "@types/node@*":
    version "20.5.0"
    resolved "https://registry.npmjs.org/@types/node/-/node-20.5.0.tgz"
    integrity sha512-Mgq7eCtoTjT89FqNoTzzXg2XvCi5VMhRV6+I2aYanc6kQCBImeNaAYRs/DyoVqk1YEUJK5gN9VO7HRIdz4Wo3Q==
  
  "@types/webidl-conversions@*":
    version "7.0.0"
    resolved "https://registry.npmjs.org/@types/webidl-conversions/-/webidl-conversions-7.0.0.tgz"
    integrity sha512-xTE1E+YF4aWPJJeUzaZI5DRntlkY3+BCVJi0axFptnjGmAoWxkyREIh/XMrfxVLejwQxMCfDXdICo0VLxThrog==
  
  "@types/whatwg-url@^8.2.1":
    version "8.2.2"
    resolved "https://registry.npmjs.org/@types/whatwg-url/-/whatwg-url-8.2.2.tgz"
    integrity sha512-FtQu10RWgn3D9U4aazdwIE2yzphmTJREDqNdODHrbrZmmMqI0vMheC/6NE/J1Yveaj8H+ela+YwWTjq5PGmuhA==
    dependencies:
      "@types/node" "*"
      "@types/webidl-conversions" "*"
  
  accepts@~1.3.8:
    version "1.3.8"
    resolved "https://registry.npmjs.org/accepts/-/accepts-1.3.8.tgz"
    integrity sha512-PYAthTa2m2VKxuvSD3DPC/Gy+U+sOA1LAuT8mkmRuvw+NACSaeXEQ+NHcVF7rONl6qcaxV3Uuemwawk+7+SJLw==
    dependencies:
      mime-types "~2.1.34"
      negotiator "0.6.3"
  
  antd@^5.8.5:
    version "5.8.5"
    resolved "https://registry.yarnpkg.com/antd/-/antd-5.8.5.tgz#36574f6d4e90c683c9a77f7797416ac180035055"
    integrity sha512-CaCl0BquElbSmilzKunyf22hVhgErKjzh2twQ+ZuFUSZfTOibi6/bwXp93lnT/VGgnc3Z3f2OizybzXWR7/tQg==
    dependencies:
      "@ant-design/colors" "^7.0.0"
      "@ant-design/cssinjs" "^1.16.0"
      "@ant-design/icons" "^5.2.2"
      "@ant-design/react-slick" "~1.0.0"
      "@babel/runtime" "^7.18.3"
      "@ctrl/tinycolor" "^3.6.0"
      "@rc-component/color-picker" "~1.4.0"
      "@rc-component/mutate-observer" "^1.0.0"
      "@rc-component/tour" "~1.8.1"
      "@rc-component/trigger" "^1.15.0"
      classnames "^2.2.6"
      copy-to-clipboard "^3.2.0"
      dayjs "^1.11.1"
      qrcode.react "^3.1.0"
      rc-cascader "~3.14.0"
      rc-checkbox "~3.1.0"
      rc-collapse "~3.7.0"
      rc-dialog "~9.1.0"
      rc-drawer "~6.2.0"
      rc-dropdown "~4.1.0"
      rc-field-form "~1.36.0"
      rc-image "~7.1.0"
      rc-input "~1.1.0"
      rc-input-number "~8.0.2"
      rc-mentions "~2.5.0"
      rc-menu "~9.10.0"
      rc-motion "^2.7.3"
      rc-notification "~5.0.4"
      rc-pagination "~3.6.0"
      rc-picker "~3.13.0"
      rc-progress "~3.4.1"
      rc-rate "~2.12.0"
      rc-resize-observer "^1.2.0"
      rc-segmented "~2.2.0"
      rc-select "~14.7.1"
      rc-slider "~10.1.0"
      rc-steps "~6.0.1"
      rc-switch "~4.1.0"
      rc-table "~7.32.1"
      rc-tabs "~12.9.0"
      rc-textarea "~1.3.3"
      rc-tooltip "~6.0.0"
      rc-tree "~5.7.6"
      rc-tree-select "~5.11.0"
      rc-upload "~4.3.0"
      rc-util "^5.37.0"
      scroll-into-view-if-needed "^3.0.3"
      throttle-debounce "^5.0.0"
  
  array-flatten@1.1.1:
    version "1.1.1"
    resolved "https://registry.npmjs.org/array-flatten/-/array-flatten-1.1.1.tgz"
    integrity sha512-PCVAQswWemu6UdxsDFFX/+gVeYqKAod3D3UVm91jHwynguOwAvYPhx8nNlM++NqRcK6CxxpUafjmhIdKiHibqg==
  
  array-flatten@3.0.0:
    version "3.0.0"
    resolved "https://registry.npmjs.org/array-flatten/-/array-flatten-3.0.0.tgz"
    integrity sha512-zPMVc3ZYlGLNk4mpK1NzP2wg0ml9t7fUgDsayR5Y5rSzxQilzR9FGu/EH2jQOcKSAeAfWeylyW8juy3OkWRvNA==
  
  array-tree-filter@^2.1.0:
    version "2.1.0"
    resolved "https://registry.yarnpkg.com/array-tree-filter/-/array-tree-filter-2.1.0.tgz#873ac00fec83749f255ac8dd083814b4f6329190"
    integrity sha512-4ROwICNlNw/Hqa9v+rk5h22KjmzB1JGTMVKP2AKJBOCgb0yL0ASf0+YvCcLNNwquOHNX48jkeZIJ3a+oOQqKcw==
  
  async-validator@^4.1.0:
    version "4.2.5"
    resolved "https://registry.yarnpkg.com/async-validator/-/async-validator-4.2.5.tgz#c96ea3332a521699d0afaaceed510a54656c6339"
    integrity sha512-7HhHjtERjqlNbZtqNqy2rckN/SpOOlmDliet+lP7k+eKZEjPk3DgyeU9lIXLdeLz0uBbbVp+9Qdow9wJWgwwfg==
  
  body-parser@1.20.1:
    version "1.20.1"
    resolved "https://registry.npmjs.org/body-parser/-/body-parser-1.20.1.tgz"
    integrity sha512-jWi7abTbYwajOytWCQc37VulmWiRae5RyTpaCyDcS5/lMdtwSz5lOpDE67srw/HYe35f1z3fDQw+3txg7gNtWw==
    dependencies:
      bytes "3.1.2"
      content-type "~1.0.4"
      debug "2.6.9"
      depd "2.0.0"
      destroy "1.2.0"
      http-errors "2.0.0"
      iconv-lite "0.4.24"
      on-finished "2.4.1"
      qs "6.11.0"
      raw-body "2.5.1"
      type-is "~1.6.18"
      unpipe "1.0.0"
  
  braces@^3.0.2:
    version "3.0.2"
    resolved "https://registry.npmjs.org/braces/-/braces-3.0.2.tgz"
    integrity sha512-b8um+L1RzM3WDSzvhm6gIz1yfTbBt6YTlcEKAvsmqCZZFw46z626lVj9j1yEPW33H5H+lBQpZMP1k8l+78Ha0A==
    dependencies:
      fill-range "^7.0.1"
  
  bson@^5.4.0:
    version "5.4.0"
    resolved "https://registry.npmjs.org/bson/-/bson-5.4.0.tgz"
    integrity sha512-WRZ5SQI5GfUuKnPTNmAYPiKIof3ORXAF4IRU5UcgmivNIon01rWQlw5RUH954dpu8yGL8T59YShVddIPaU/gFA==
  
  bytes@3.1.2:
    version "3.1.2"
    resolved "https://registry.npmjs.org/bytes/-/bytes-3.1.2.tgz"
    integrity sha512-/Nf7TyzTx6S3yRJObOAV7956r8cr2+Oj8AC5dt8wSP3BQAoeX58NoHyCU8P8zGkNXStjTSi6fzO6F0pBdcYbEg==
  
  call-bind@^1.0.0:
    version "1.0.2"
    resolved "https://registry.npmjs.org/call-bind/-/call-bind-1.0.2.tgz"
    integrity sha512-7O+FbCihrB5WGbFYesctwmTKae6rOiIzmz1icreWJ+0aA7LJfuqhEso2T9ncpcFtzMQtzXf2QGGueWJGTYsqrA==
    dependencies:
      function-bind "^1.1.1"
      get-intrinsic "^1.0.2"
  
  classnames@2.x, classnames@^2.2.1, classnames@^2.2.3, classnames@^2.2.5, classnames@^2.2.6, classnames@^2.3.1, classnames@^2.3.2:
    version "2.3.2"
    resolved "https://registry.yarnpkg.com/classnames/-/classnames-2.3.2.tgz#351d813bf0137fcc6a76a16b88208d2560a0d924"
    integrity sha512-CSbhY4cFEJRe6/GQzIk5qXZ4Jeg5pcsP7b5peFSDpffpe1cqjASH/n9UTjBwOp6XpMSTwQ8Za2K5V02ueA7Tmw==
  
  compute-scroll-into-view@^3.0.2:
    version "3.0.3"
    resolved "https://registry.yarnpkg.com/compute-scroll-into-view/-/compute-scroll-into-view-3.0.3.tgz#c418900a5c56e2b04b885b54995df164535962b1"
    integrity sha512-nadqwNxghAGTamwIqQSG433W6OADZx2vCo3UXHNrzTRHK/htu+7+L0zhjEoaeaQVNAi3YgqWDv8+tzf0hRfR+A==
  
  content-disposition@0.5.4:
    version "0.5.4"
    resolved "https://registry.npmjs.org/content-disposition/-/content-disposition-0.5.4.tgz"
    integrity sha512-FveZTNuGw04cxlAiWbzi6zTAL/lhehaWbTtgluJh4/E95DqMwTmha3KZN1aAWA8cFIhHzMZUvLevkw5Rqk+tSQ==
    dependencies:
      safe-buffer "5.2.1"
  
  content-type@~1.0.4:
    version "1.0.5"
    resolved "https://registry.npmjs.org/content-type/-/content-type-1.0.5.tgz"
    integrity sha512-nTjqfcBFEipKdXCv4YDQWCfmcLZKm81ldF0pAopTvyrFGVbcR6P/VAAd5G7N+0tTr8QqiU0tFadD6FK4NtJwOA==
  
  cookie-signature@1.0.6:
    version "1.0.6"
    resolved "https://registry.npmjs.org/cookie-signature/-/cookie-signature-1.0.6.tgz"
    integrity sha512-QADzlaHc8icV8I7vbaJXJwod9HWYp8uCqf1xa4OfNu1T7JVxQIrUgOWtHdNDtPiywmFbiS12VjotIXLrKM3orQ==
  
  cookie@0.5.0:
    version "0.5.0"
    resolved "https://registry.npmjs.org/cookie/-/cookie-0.5.0.tgz"
    integrity sha512-YZ3GUyn/o8gfKJlnlX7g7xq4gyO6OSuhGPKaaGssGB2qgDUS0gPgtTvoyZLTt9Ab6dC4hfc9dV5arkvc/OCmrw==
  
  copy-to-clipboard@^3.2.0:
    version "3.3.3"
    resolved "https://registry.yarnpkg.com/copy-to-clipboard/-/copy-to-clipboard-3.3.3.tgz#55ac43a1db8ae639a4bd99511c148cdd1b83a1b0"
    integrity sha512-2KV8NhB5JqC3ky0r9PMCAZKbUHSwtEo4CwCs0KXgruG43gX5PMqDEBbVU4OUzw2MuAWUfsuFmWvEKG5QRfSnJA==
    dependencies:
      toggle-selection "^1.0.6"
  
  csstype@^3.0.10:
    version "3.1.2"
    resolved "https://registry.yarnpkg.com/csstype/-/csstype-3.1.2.tgz#1d4bf9d572f11c14031f0436e1c10bc1f571f50b"
    integrity sha512-I7K1Uu0MBPzaFKg4nI5Q7Vs2t+3gWWW648spaF+Rg7pI9ds18Ugn+lvg4SHczUdKlHI5LWBXyqfS8+DufyBsgQ==
  
  dayjs@^1.11.1:
    version "1.11.9"
    resolved "https://registry.yarnpkg.com/dayjs/-/dayjs-1.11.9.tgz#9ca491933fadd0a60a2c19f6c237c03517d71d1a"
    integrity sha512-QvzAURSbQ0pKdIye2txOzNaHmxtUBXerpY0FJsFXUMKbIZeFm5ht1LS/jFsrncjnmtv8HsG0W2g6c0zUjZWmpA==
  
  debug@2.6.9:
    version "2.6.9"
    resolved "https://registry.npmjs.org/debug/-/debug-2.6.9.tgz"
    integrity sha512-bC7ElrdJaJnPbAP+1EotYvqZsb3ecl5wi6Bfi6BJTUcNowp6cvspg0jXznRTKDjm/E7AdgFBVeAPVMNcKGsHMA==
    dependencies:
      ms "2.0.0"
  
  debug@4.x:
    version "4.3.4"
    resolved "https://registry.npmjs.org/debug/-/debug-4.3.4.tgz"
    integrity sha512-PRWFHuSU3eDtQJPvnNY7Jcket1j0t5OuOsFzPPzsekD52Zl8qUfFIPEiswXqIvHWGVHOgX+7G/vCNNhehwxfkQ==
    dependencies:
      ms "2.1.2"
  
  depd@2.0.0:
    version "2.0.0"
    resolved "https://registry.npmjs.org/depd/-/depd-2.0.0.tgz"
    integrity sha512-g7nH6P6dyDioJogAAGprGpCtVImJhpPk/roCzdb3fIh61/s/nPsfR6onyMwkCAR/OlC3yBC0lESvUoQEAssIrw==
  
  destroy@1.2.0:
    version "1.2.0"
    resolved "https://registry.npmjs.org/destroy/-/destroy-1.2.0.tgz"
    integrity sha512-2sJGJTaXIIaR1w4iJSNoN0hnMY7Gpc/n8D4qSCJw8QqFWXf7cuAgnEHxBpweaVcPevC2l3KpjYCx3NypQQgaJg==
  
  dom-align@^1.7.0:
    version "1.12.4"
    resolved "https://registry.yarnpkg.com/dom-align/-/dom-align-1.12.4.tgz#3503992eb2a7cfcb2ed3b2a6d21e0b9c00d54511"
    integrity sha512-R8LUSEay/68zE5c8/3BDxiTEvgb4xZTF0RKmAHfiEVN3klfIpXfi2/QCoiWPccVQ0J/ZGdz9OjzL4uJEP/MRAw==
  
  ee-first@1.1.1:
    version "1.1.1"
    resolved "https://registry.npmjs.org/ee-first/-/ee-first-1.1.1.tgz"
    integrity sha512-WMwm9LhRUo+WUaRN+vRuETqG89IgZphVSNkdFgeb6sS/E4OrDIN7t48CAewSHXc6C8lefD8KKfr5vY61brQlow==
  
  encodeurl@~1.0.2:
    version "1.0.2"
    resolved "https://registry.npmjs.org/encodeurl/-/encodeurl-1.0.2.tgz"
    integrity sha512-TPJXq8JqFaVYm2CWmPvnP2Iyo4ZSM7/QKcSmuMLDObfpH5fi7RUGmd/rTDf+rut/saiDiQEeVTNgAmJEdAOx0w==
  
  escape-html@~1.0.3:
    version "1.0.3"
    resolved "https://registry.npmjs.org/escape-html/-/escape-html-1.0.3.tgz"
    integrity sha512-NiSupZ4OeuGwr68lGIeym/ksIZMJodUGOSCZ/FSnTxcrekbvqrgdUxlJOMpijaKZVjAJrWrGs/6Jy8OMuyj9ow==
  
  etag@~1.8.1:
    version "1.8.1"
    resolved "https://registry.npmjs.org/etag/-/etag-1.8.1.tgz"
    integrity sha512-aIL5Fx7mawVa300al2BnEE4iNvo1qETxLrPI/o05L7z6go7fCw1J6EQmbK4FmJ2AS7kgVF/KEZWufBfdClMcPg==
  
  eventemitter3@^4.0.0:
    version "4.0.7"
    resolved "https://registry.npmjs.org/eventemitter3/-/eventemitter3-4.0.7.tgz"
    integrity sha512-8guHBZCwKnFhYdHr2ysuRWErTwhoN2X8XELRlrRwpmfeY2jjuUN4taQMsULKUVo1K4DvZl+0pgfyoysHxvmvEw==
  
  express@^4.18.2:
    version "4.18.2"
    resolved "https://registry.npmjs.org/express/-/express-4.18.2.tgz"
    integrity sha512-5/PsL6iGPdfQ/lKM1UuielYgv3BUoJfz1aUwU9vHZ+J7gyvwdQXFEBIEIaxeGf0GIcreATNyBExtalisDbuMqQ==
    dependencies:
      accepts "~1.3.8"
      array-flatten "1.1.1"
      body-parser "1.20.1"
      content-disposition "0.5.4"
      content-type "~1.0.4"
      cookie "0.5.0"
      cookie-signature "1.0.6"
      debug "2.6.9"
      depd "2.0.0"
      encodeurl "~1.0.2"
      escape-html "~1.0.3"
      etag "~1.8.1"
      finalhandler "1.2.0"
      fresh "0.5.2"
      http-errors "2.0.0"
      merge-descriptors "1.0.1"
      methods "~1.1.2"
      on-finished "2.4.1"
      parseurl "~1.3.3"
      path-to-regexp "0.1.7"
      proxy-addr "~2.0.7"
      qs "6.11.0"
      range-parser "~1.2.1"
      safe-buffer "5.2.1"
      send "0.18.0"
      serve-static "1.15.0"
      setprototypeof "1.2.0"
      statuses "2.0.1"
      type-is "~1.6.18"
      utils-merge "1.0.1"
      vary "~1.1.2"
  
  fill-range@^7.0.1:
    version "7.0.1"
    resolved "https://registry.npmjs.org/fill-range/-/fill-range-7.0.1.tgz"
    integrity sha512-qOo9F+dMUmC2Lcb4BbVvnKJxTPjCm+RRpe4gDuGrzkL7mEVl/djYSu2OdQ2Pa302N4oqkSg9ir6jaLWJ2USVpQ==
    dependencies:
      to-regex-range "^5.0.1"
  
  finalhandler@1.2.0:
    version "1.2.0"
    resolved "https://registry.npmjs.org/finalhandler/-/finalhandler-1.2.0.tgz"
    integrity sha512-5uXcUVftlQMFnWC9qu/svkWv3GTd2PfUhK/3PLkYNAe7FbqJMt3515HaxE6eRL74GdsriiwujiawdaB1BpEISg==
    dependencies:
      debug "2.6.9"
      encodeurl "~1.0.2"
      escape-html "~1.0.3"
      on-finished "2.4.1"
      parseurl "~1.3.3"
      statuses "2.0.1"
      unpipe "~1.0.0"
  
  follow-redirects@^1.0.0:
    version "1.15.2"
    resolved "https://registry.npmjs.org/follow-redirects/-/follow-redirects-1.15.2.tgz"
    integrity sha512-VQLG33o04KaQ8uYi2tVNbdrWp1QWxNNea+nmIB4EVM28v0hmP17z7aG1+wAkNzVq4KeXTq3221ye5qTJP91JwA==
  
  forwarded@0.2.0:
    version "0.2.0"
    resolved "https://registry.npmjs.org/forwarded/-/forwarded-0.2.0.tgz"
    integrity sha512-buRG0fpBtRHSTCOASe6hD258tEubFoRLb4ZNA6NxMVHNw2gOcwHo9wyablzMzOA5z9xA9L1KNjk/Nt6MT9aYow==
  
  fresh@0.5.2:
    version "0.5.2"
    resolved "https://registry.npmjs.org/fresh/-/fresh-0.5.2.tgz"
    integrity sha512-zJ2mQYM18rEFOudeV4GShTGIQ7RbzA7ozbU9I/XBpm7kqgMywgmylMwXHxZJmkVoYkna9d2pVXVXPdYTP9ej8Q==
  
  function-bind@^1.1.1:
    version "1.1.1"
    resolved "https://registry.npmjs.org/function-bind/-/function-bind-1.1.1.tgz"
    integrity sha512-yIovAzMX49sF8Yl58fSCWJ5svSLuaibPxXQJFLmBObTuCr0Mf1KiPopGM9NiFjiYBCbfaa2Fh6breQ6ANVTI0A==
  
  get-intrinsic@^1.0.2:
    version "1.2.1"
    resolved "https://registry.npmjs.org/get-intrinsic/-/get-intrinsic-1.2.1.tgz"
    integrity sha512-2DcsyfABl+gVHEfCOaTrWgyt+tb6MSEGmKq+kI5HwLbIYgjgmMcV8KQ41uaKz1xxUcn9tJtgFbQUEVcEbd0FYw==
    dependencies:
      function-bind "^1.1.1"
      has "^1.0.3"
      has-proto "^1.0.1"
      has-symbols "^1.0.3"
  
  has-proto@^1.0.1:
    version "1.0.1"
    resolved "https://registry.npmjs.org/has-proto/-/has-proto-1.0.1.tgz"
    integrity sha512-7qE+iP+O+bgF9clE5+UoBFzE65mlBiVj3tKCrlNQ0Ogwm0BjpT/gK4SlLYDMybDh5I3TCTKnPPa0oMG7JDYrhg==
  
  has-symbols@^1.0.3:
    version "1.0.3"
    resolved "https://registry.npmjs.org/has-symbols/-/has-symbols-1.0.3.tgz"
    integrity sha512-l3LCuF6MgDNwTDKkdYGEihYjt5pRPbEg46rtlmnSPlUbgmB8LOIrKJbYYFBSbnPaJexMKtiPO8hmeRjRz2Td+A==
  
  has@^1.0.3:
    version "1.0.3"
    resolved "https://registry.npmjs.org/has/-/has-1.0.3.tgz"
    integrity sha512-f2dvO0VU6Oej7RkWJGrehjbzMAjFp5/VKPp5tTpWIV4JHHZK1/BxbFRtf/siA2SWTe09caDmVtYYzWEIbBS4zw==
    dependencies:
      function-bind "^1.1.1"
  
  http-errors@2.0.0:
    version "2.0.0"
    resolved "https://registry.npmjs.org/http-errors/-/http-errors-2.0.0.tgz"
    integrity sha512-FtwrG/euBzaEjYeRqOgly7G0qviiXoJWnvEH2Z1plBdXgbyjv34pHTSb9zoeHMyDy33+DWy5Wt9Wo+TURtOYSQ==
    dependencies:
      depd "2.0.0"
      inherits "2.0.4"
      setprototypeof "1.2.0"
      statuses "2.0.1"
      toidentifier "1.0.1"
  
  http-proxy-middleware@^2.0.6:
    version "2.0.6"
    resolved "https://registry.npmjs.org/http-proxy-middleware/-/http-proxy-middleware-2.0.6.tgz"
    integrity sha512-ya/UeJ6HVBYxrgYotAZo1KvPWlgB48kUJLDePFeneHsVujFaW5WNj2NgWCAE//B1Dl02BIfYlpNgBy8Kf8Rjmw==
    dependencies:
      "@types/http-proxy" "^1.17.8"
      http-proxy "^1.18.1"
      is-glob "^4.0.1"
      is-plain-obj "^3.0.0"
      micromatch "^4.0.2"
  
  http-proxy@^1.18.1:
    version "1.18.1"
    resolved "https://registry.npmjs.org/http-proxy/-/http-proxy-1.18.1.tgz"
    integrity sha512-7mz/721AbnJwIVbnaSv1Cz3Am0ZLT/UBwkC92VlxhXv/k/BBQfM2fXElQNC27BVGr0uwUpplYPQM9LnaBMR5NQ==
    dependencies:
      eventemitter3 "^4.0.0"
      follow-redirects "^1.0.0"
      requires-port "^1.0.0"
  
  iconv-lite@0.4.24:
    version "0.4.24"
    resolved "https://registry.npmjs.org/iconv-lite/-/iconv-lite-0.4.24.tgz"
    integrity sha512-v3MXnZAcvnywkTUEZomIActle7RXXeedOR31wwl7VlyoXO4Qi9arvSenNQWne1TcRwhCL1HwLI21bEqdpj8/rA==
    dependencies:
      safer-buffer ">= 2.1.2 < 3"
  
  inherits@2.0.4:
    version "2.0.4"
    resolved "https://registry.npmjs.org/inherits/-/inherits-2.0.4.tgz"
    integrity sha512-k/vGaX4/Yla3WzyMCvTQOXYeIHvqOKtnqBduzTHpzpQZzAskKMhZ2K+EnBiSM9zGSoIFeMpXKxa4dYeZIQqewQ==
  
  ip@^2.0.0:
    version "2.0.0"
    resolved "https://registry.npmjs.org/ip/-/ip-2.0.0.tgz"
    integrity sha512-WKa+XuLG1A1R0UWhl2+1XQSi+fZWMsYKffMZTTYsiZaUD8k2yDAj5atimTUD2TZkyCkNEeYE5NhFZmupOGtjYQ==
  
  ipaddr.js@1.9.1:
    version "1.9.1"
    resolved "https://registry.npmjs.org/ipaddr.js/-/ipaddr.js-1.9.1.tgz"
    integrity sha512-0KI/607xoxSToH7GjN1FfSbLoU0+btTicjsQSWQlh/hZykN8KpmMf7uYwPW3R+akZ6R/w18ZlXSHBYXiYUPO3g==
  
  is-extglob@^2.1.1:
    version "2.1.1"
    resolved "https://registry.npmjs.org/is-extglob/-/is-extglob-2.1.1.tgz"
    integrity sha512-SbKbANkN603Vi4jEZv49LeVJMn4yGwsbzZworEoyEiutsN3nJYdbO36zfhGJ6QEDpOZIFkDtnq5JRxmvl3jsoQ==
  
  is-glob@^4.0.1:
    version "4.0.3"
    resolved "https://registry.npmjs.org/is-glob/-/is-glob-4.0.3.tgz"
    integrity sha512-xelSayHH36ZgE7ZWhli7pW34hNbNl8Ojv5KVmkJD4hBdD3th8Tfk9vYasLM+mXWOZhFkgZfxhLSnrwRr4elSSg==
    dependencies:
      is-extglob "^2.1.1"
  
  is-number@^7.0.0:
    version "7.0.0"
    resolved "https://registry.npmjs.org/is-number/-/is-number-7.0.0.tgz"
    integrity sha512-41Cifkg6e8TylSpdtTpeLVMqvSBEVzTttHvERD741+pnZ8ANv0004MRL43QKPDlK9cGvNp6NZWZUBlbGXYxxng==
  
  is-plain-obj@^3.0.0:
    version "3.0.0"
    resolved "https://registry.npmjs.org/is-plain-obj/-/is-plain-obj-3.0.0.tgz"
    integrity sha512-gwsOE28k+23GP1B6vFl1oVh/WOzmawBrKwo5Ev6wMKzPkaXaCDIQKzLnvsA42DRlbVTWorkgTKIviAKCWkfUwA==
  
  json2mq@^0.2.0:
    version "0.2.0"
    resolved "https://registry.yarnpkg.com/json2mq/-/json2mq-0.2.0.tgz#b637bd3ba9eabe122c83e9720483aeb10d2c904a"
    integrity sha512-SzoRg7ux5DWTII9J2qkrZrqV1gt+rTaoufMxEzXbS26Uid0NwaJd123HcoB80TgubEppxxIGdNxCx50fEoEWQA==
    dependencies:
      string-convert "^0.2.0"
  
  kareem@2.5.1:
    version "2.5.1"
    resolved "https://registry.npmjs.org/kareem/-/kareem-2.5.1.tgz"
    integrity sha512-7jFxRVm+jD+rkq3kY0iZDJfsO2/t4BBPeEb2qKn2lR/9KhuksYk5hxzfRYWMPV8P/x2d0kHD306YyWLzjjH+uA==
  
  lodash.camelcase@^4.3.0:
    version "4.3.0"
    resolved "https://registry.yarnpkg.com/lodash.camelcase/-/lodash.camelcase-4.3.0.tgz#b28aa6288a2b9fc651035c7711f65ab6190331a6"
    integrity sha512-TwuEnCnxbc3rAvhf/LbG7tJUDzhqXyFnv3dtzLOPgCG/hODL7WFnsbwktkD7yUV0RrreP/l1PALq/YSg6VvjlA==
  
  media-typer@0.3.0:
    version "0.3.0"
    resolved "https://registry.npmjs.org/media-typer/-/media-typer-0.3.0.tgz"
    integrity sha512-dq+qelQ9akHpcOl/gUVRTxVIOkAJ1wR3QAvb4RsVjS8oVoFjDGTc679wJYmUmknUF5HwMLOgb5O+a3KxfWapPQ==
  
  memory-pager@^1.0.2:
    version "1.5.0"
    resolved "https://registry.npmjs.org/memory-pager/-/memory-pager-1.5.0.tgz"
    integrity sha512-ZS4Bp4r/Zoeq6+NLJpP+0Zzm0pR8whtGPf1XExKLJBAczGMnSi3It14OiNCStjQjM6NU1okjQGSxgEZN8eBYKg==
  
  merge-descriptors@1.0.1:
    version "1.0.1"
    resolved "https://registry.npmjs.org/merge-descriptors/-/merge-descriptors-1.0.1.tgz"
    integrity sha512-cCi6g3/Zr1iqQi6ySbseM1Xvooa98N0w31jzUYrXPX2xqObmFGHJ0tQ5u74H3mVh7wLouTseZyYIq39g8cNp1w==
  
  methods@~1.1.2:
    version "1.1.2"
    resolved "https://registry.npmjs.org/methods/-/methods-1.1.2.tgz"
    integrity sha512-iclAHeNqNm68zFtnZ0e+1L2yUIdvzNoauKU4WBA3VvH/vPFieF7qfRlwUZU+DA9P9bPXIS90ulxoUoCH23sV2w==
  
  micromatch@^4.0.2:
    version "4.0.5"
    resolved "https://registry.npmjs.org/micromatch/-/micromatch-4.0.5.tgz"
    integrity sha512-DMy+ERcEW2q8Z2Po+WNXuw3c5YaUSFjAO5GsJqfEl7UjvtIuFKO6ZrKvcItdy98dwFI2N1tg3zNIdKaQT+aNdA==
    dependencies:
      braces "^3.0.2"
      picomatch "^2.3.1"
  
  mime-db@1.52.0:
    version "1.52.0"
    resolved "https://registry.npmjs.org/mime-db/-/mime-db-1.52.0.tgz"
    integrity sha512-sPU4uV7dYlvtWJxwwxHD0PuihVNiE7TyAbQ5SWxDCB9mUYvOgroQOwYQQOKPJ8CIbE+1ETVlOoK1UC2nU3gYvg==
  
  mime-types@~2.1.24, mime-types@~2.1.34:
    version "2.1.35"
    resolved "https://registry.npmjs.org/mime-types/-/mime-types-2.1.35.tgz"
    integrity sha512-ZDY+bPm5zTTF+YpCrAU9nK0UgICYPT0QtT1NZWFv4s++TNkcgVaT0g6+4R2uI4MjQjzysHB1zxuWL50hzaeXiw==
    dependencies:
      mime-db "1.52.0"
  
  mime@1.6.0:
    version "1.6.0"
    resolved "https://registry.npmjs.org/mime/-/mime-1.6.0.tgz"
    integrity sha512-x0Vn8spI+wuJ1O6S7gnbaQg8Pxh4NNHb7KSINmEWKiPE4RKOplvijn+NkmYmmRgP68mc70j2EbeTFRsrswaQeg==
  
  moment@^2.29.4:
    version "2.29.4"
    resolved "https://registry.yarnpkg.com/moment/-/moment-2.29.4.tgz#3dbe052889fe7c1b2ed966fcb3a77328964ef108"
    integrity sha512-5LC9SOxjSc2HF6vO2CyuTDNivEdoz2IvyJJGj6X8DJ0eFyfszE0QiEd+iXmBvUP3WHxSjFH/vIsA0EN00cgr8w==
  
  mongodb-connection-string-url@^2.6.0:
    version "2.6.0"
    resolved "https://registry.npmjs.org/mongodb-connection-string-url/-/mongodb-connection-string-url-2.6.0.tgz"
    integrity sha512-WvTZlI9ab0QYtTYnuMLgobULWhokRjtC7db9LtcVfJ+Hsnyr5eo6ZtNAt3Ly24XZScGMelOcGtm7lSn0332tPQ==
    dependencies:
      "@types/whatwg-url" "^8.2.1"
      whatwg-url "^11.0.0"
  
  mongodb@5.7.0:
    version "5.7.0"
    resolved "https://registry.npmjs.org/mongodb/-/mongodb-5.7.0.tgz"
    integrity sha512-zm82Bq33QbqtxDf58fLWBwTjARK3NSvKYjyz997KSy6hpat0prjeX/kxjbPVyZY60XYPDNETaHkHJI2UCzSLuw==
    dependencies:
      bson "^5.4.0"
      mongodb-connection-string-url "^2.6.0"
      socks "^2.7.1"
    optionalDependencies:
      saslprep "^1.0.3"
  
  mongoose@^7.4.3:
    version "7.4.3"
    resolved "https://registry.npmjs.org/mongoose/-/mongoose-7.4.3.tgz"
    integrity sha512-eok0lW6mZJHK2vVSWyJb9tUfPMUuRF3h7YC4pU2K2/YSZBlNDUwvKsHgftMOANbokP2Ry+4ylvzAdW4KjkRFjw==
    dependencies:
      bson "^5.4.0"
      kareem "2.5.1"
      mongodb "5.7.0"
      mpath "0.9.0"
      mquery "5.0.0"
      ms "2.1.3"
      sift "16.0.1"
  
  mpath@0.9.0:
    version "0.9.0"
    resolved "https://registry.npmjs.org/mpath/-/mpath-0.9.0.tgz"
    integrity sha512-ikJRQTk8hw5DEoFVxHG1Gn9T/xcjtdnOKIU1JTmGjZZlg9LST2mBLmcX3/ICIbgJydT2GOc15RnNy5mHmzfSew==
  
  mquery@5.0.0:
    version "5.0.0"
    resolved "https://registry.npmjs.org/mquery/-/mquery-5.0.0.tgz"
    integrity sha512-iQMncpmEK8R8ncT8HJGsGc9Dsp8xcgYMVSbs5jgnm1lFHTZqMJTUWTDx1LBO8+mK3tPNZWFLBghQEIOULSTHZg==
    dependencies:
      debug "4.x"
  
  ms@2.0.0:
    version "2.0.0"
    resolved "https://registry.npmjs.org/ms/-/ms-2.0.0.tgz"
    integrity sha512-Tpp60P6IUJDTuOq/5Z8cdskzJujfwqfOTkrwIwj7IRISpnkJnT6SyJ4PCPnGMoFjC9ddhal5KVIYtAt97ix05A==
  
  ms@2.1.2:
    version "2.1.2"
    resolved "https://registry.npmjs.org/ms/-/ms-2.1.2.tgz"
    integrity sha512-sGkPx+VjMtmA6MX27oA4FBFELFCZZ4S4XqeGOXCv68tT+jb3vk/RyaKWP0PTKyWtmLSM0b+adUTEvbs1PEaH2w==
  
  ms@2.1.3:
    version "2.1.3"
    resolved "https://registry.npmjs.org/ms/-/ms-2.1.3.tgz"
    integrity sha512-6FlzubTLZG3J2a/NVCAleEhjzq5oxgHyaCU9yYXvcLsvoVaHJq/s5xXI6/XXP6tz7R9xAOtHnSO/tXtF3WRTlA==
  
  negotiator@0.6.3:
    version "0.6.3"
    resolved "https://registry.npmjs.org/negotiator/-/negotiator-0.6.3.tgz"
    integrity sha512-+EUsqGPLsM+j/zdChZjsnX51g4XrHFOIXwfnCVPGlQk/k5giakcKsuxCObBRu6DSm9opw/O6slWbJdghQM4bBg==
  
  object-inspect@^1.9.0:
    version "1.12.3"
    resolved "https://registry.npmjs.org/object-inspect/-/object-inspect-1.12.3.tgz"
    integrity sha512-geUvdk7c+eizMNUDkRpW1wJwgfOiOeHbxBR/hLXK1aT6zmVSO0jsQcs7fj6MGw89jC/cjGfLcNOrtMYtGqm81g==
  
  on-finished@2.4.1:
    version "2.4.1"
    resolved "https://registry.npmjs.org/on-finished/-/on-finished-2.4.1.tgz"
    integrity sha512-oVlzkg3ENAhCk2zdv7IJwd/QUD4z2RxRwpkcGY8psCVcCYZNq4wYnVWALHM+brtuJjePWiYF/ClmuDr8Ch5+kg==
    dependencies:
      ee-first "1.1.1"
  
  parseurl@~1.3.3:
    version "1.3.3"
    resolved "https://registry.npmjs.org/parseurl/-/parseurl-1.3.3.tgz"
    integrity sha512-CiyeOxFT/JZyN5m0z9PfXw4SCBJ6Sygz1Dpl0wqjlhDEGGBP1GnsUVEL0p63hoG1fcj3fHynXi9NYO4nWOL+qQ==
  
  path-to-regexp@0.1.7:
    version "0.1.7"
    resolved "https://registry.npmjs.org/path-to-regexp/-/path-to-regexp-0.1.7.tgz"
    integrity sha512-5DFkuoqlv1uYQKxy8omFBeJPQcdoE07Kv2sferDCrAq1ohOU+MSDswDIbnx3YAM60qIOnYa53wBhXW0EbMonrQ==
  
  picomatch@^2.3.1:
    version "2.3.1"
    resolved "https://registry.npmjs.org/picomatch/-/picomatch-2.3.1.tgz"
    integrity sha512-JU3teHTNjmE2VCGFzuY8EXzCDVwEqB2a8fsIvwaStHhAWJEeVd1o1QD80CU6+ZdEXXSLbSsuLwJjkCBWqRQUVA==
  
  proxy-addr@~2.0.7:
    version "2.0.7"
    resolved "https://registry.npmjs.org/proxy-addr/-/proxy-addr-2.0.7.tgz"
    integrity sha512-llQsMLSUDUPT44jdrU/O37qlnifitDP+ZwrmmZcoSKyLKvtZxpyV0n2/bD/N4tBAAZ/gJEdZU7KMraoK1+XYAg==
    dependencies:
      forwarded "0.2.0"
      ipaddr.js "1.9.1"
  
  punycode@^2.1.1:
    version "2.3.0"
    resolved "https://registry.npmjs.org/punycode/-/punycode-2.3.0.tgz"
    integrity sha512-rRV+zQD8tVFys26lAGR9WUuS4iUAngJScM+ZRSKtvl5tKeZ2t5bvdNFdNHBW9FWR4guGHlgmsZ1G7BSm2wTbuA==
  
  qrcode.react@^3.1.0:
    version "3.1.0"
    resolved "https://registry.yarnpkg.com/qrcode.react/-/qrcode.react-3.1.0.tgz#5c91ddc0340f768316fbdb8fff2765134c2aecd8"
    integrity sha512-oyF+Urr3oAMUG/OiOuONL3HXM+53wvuH3mtIWQrYmsXoAq0DkvZp2RYUWFSMFtbdOpuS++9v+WAkzNVkMlNW6Q==
  
  qs@6.11.0:
    version "6.11.0"
    resolved "https://registry.npmjs.org/qs/-/qs-6.11.0.tgz"
    integrity sha512-MvjoMCJwEarSbUYk5O+nmoSzSutSsTwF85zcHPQ9OrlFoZOYIjaqBAJIqIXjptyD5vThxGq52Xu/MaJzRkIk4Q==
    dependencies:
      side-channel "^1.0.4"
  
  range-parser@~1.2.1:
    version "1.2.1"
    resolved "https://registry.npmjs.org/range-parser/-/range-parser-1.2.1.tgz"
    integrity sha512-Hrgsx+orqoygnmhFbKaHE6c296J+HTAQXoxEF6gNupROmmGJRoyzfG3ccAveqCBrwr/2yxQ5BVd/GTl5agOwSg==
  
  raw-body@2.5.1:
    version "2.5.1"
    resolved "https://registry.npmjs.org/raw-body/-/raw-body-2.5.1.tgz"
    integrity sha512-qqJBtEyVgS0ZmPGdCFPWJ3FreoqvG4MVQln/kCgF7Olq95IbOp0/BWyMwbdtn4VTvkM8Y7khCQ2Xgk/tcrCXig==
    dependencies:
      bytes "3.1.2"
      http-errors "2.0.0"
      iconv-lite "0.4.24"
      unpipe "1.0.0"
  
  rc-align@^4.0.0:
    version "4.0.15"
    resolved "https://registry.yarnpkg.com/rc-align/-/rc-align-4.0.15.tgz#2bbd665cf85dfd0b0244c5a752b07565e9098577"
    integrity sha512-wqJtVH60pka/nOX7/IspElA8gjPNQKIx/ZqJ6heATCkXpe1Zg4cPVrMD2vC96wjsFFL8WsmhPbx9tdMo1qqlIA==
    dependencies:
      "@babel/runtime" "^7.10.1"
      classnames "2.x"
      dom-align "^1.7.0"
      rc-util "^5.26.0"
      resize-observer-polyfill "^1.5.1"
  
  rc-cascader@~3.14.0:
    version "3.14.1"
    resolved "https://registry.yarnpkg.com/rc-cascader/-/rc-cascader-3.14.1.tgz#495f00b8d047a54fa64df3102f4d6e4a664feaf2"
    integrity sha512-fCsgjLIQqYZMhFj9UT+x2ZW4uobx7OP5yivcn6Xto5fuxHaldphsryzCeUVmreQOHEo0RP+032Ip9RDzrKVKJA==
    dependencies:
      "@babel/runtime" "^7.12.5"
      array-tree-filter "^2.1.0"
      classnames "^2.3.1"
      rc-select "~14.7.0"
      rc-tree "~5.7.0"
      rc-util "^5.35.0"
  
  rc-checkbox@~3.1.0:
    version "3.1.0"
    resolved "https://registry.yarnpkg.com/rc-checkbox/-/rc-checkbox-3.1.0.tgz#6be0d9d8de2cc96fb5e37f9036a1c3e360d0a42d"
    integrity sha512-PAwpJFnBa3Ei+5pyqMMXdcKYKNBMS+TvSDiLdDnARnMJHC8ESxwPfm4Ao1gJiKtWLdmGfigascnCpwrHFgoOBQ==
    dependencies:
      "@babel/runtime" "^7.10.1"
      classnames "^2.3.2"
      rc-util "^5.25.2"
  
  rc-collapse@~3.7.0:
    version "3.7.1"
    resolved "https://registry.yarnpkg.com/rc-collapse/-/rc-collapse-3.7.1.tgz#bda1f7f80adccf3433c1c15d4d9f9ca09910c727"
    integrity sha512-N/7ejyiTf3XElNJBBpxqnZBUuMsQWEOPjB2QkfNvZ/Ca54eAvJXuOD1EGbCWCk2m7v/MSxku7mRpdeaLOCd4Gg==
    dependencies:
      "@babel/runtime" "^7.10.1"
      classnames "2.x"
      rc-motion "^2.3.4"
      rc-util "^5.27.0"
  
  rc-dialog@~9.1.0:
    version "9.1.0"
    resolved "https://registry.yarnpkg.com/rc-dialog/-/rc-dialog-9.1.0.tgz#6bf6fcc0453503b7643e54a5a445e835e3850649"
    integrity sha512-5ry+JABAWEbaKyYsmITtrJbZbJys8CtMyzV8Xn4LYuXMeUx5XVHNyJRoqLFE4AzBuXXzOWeaC49cg+XkxK6kHA==
    dependencies:
      "@babel/runtime" "^7.10.1"
      "@rc-component/portal" "^1.0.0-8"
      classnames "^2.2.6"
      rc-motion "^2.3.0"
      rc-util "^5.21.0"
  
  rc-drawer@~6.2.0:
    version "6.2.0"
    resolved "https://registry.yarnpkg.com/rc-drawer/-/rc-drawer-6.2.0.tgz#fddf4825b0fa9d60e317b996f70278d594d1f668"
    integrity sha512-spPkZ3WvP0U0vy5dyzSwlUJ/+vLFtjP/cTwSwejhQRoDBaexSZHsBhELoCZcEggI7LQ7typmtG30lAue2HEhvA==
    dependencies:
      "@babel/runtime" "^7.10.1"
      "@rc-component/portal" "^1.1.1"
      classnames "^2.2.6"
      rc-motion "^2.6.1"
      rc-util "^5.21.2"
  
  rc-dropdown@~4.1.0:
    version "4.1.0"
    resolved "https://registry.yarnpkg.com/rc-dropdown/-/rc-dropdown-4.1.0.tgz#418a68939631520de80d0865d02b440eeeb4168e"
    integrity sha512-VZjMunpBdlVzYpEdJSaV7WM7O0jf8uyDjirxXLZRNZ+tAC+NzD3PXPEtliFwGzVwBBdCmGuSqiS9DWcOLxQ9tw==
    dependencies:
      "@babel/runtime" "^7.18.3"
      "@rc-component/trigger" "^1.7.0"
      classnames "^2.2.6"
      rc-util "^5.17.0"
  
  rc-field-form@~1.36.0:
    version "1.36.2"
    resolved "https://registry.yarnpkg.com/rc-field-form/-/rc-field-form-1.36.2.tgz#0a4e75ab9849e3c2517b8b07c1f97ecd3e52db55"
    integrity sha512-tCF/JjUsnxW80Gk4E4ZH74ONsaQMxVTRtui6XhQB8DJc4FHWLLa5pP8zwhxtPKC5NaO0QZ0Cv79JggDubn6n2g==
    dependencies:
      "@babel/runtime" "^7.18.0"
      async-validator "^4.1.0"
      rc-util "^5.32.2"
  
  rc-image@~7.1.0:
    version "7.1.3"
    resolved "https://registry.yarnpkg.com/rc-image/-/rc-image-7.1.3.tgz#0072547c7c0a70e6badfb4bee320806c5bf7427b"
    integrity sha512-foMl1rcit1F0+vgxE5kf0c8TygQcHhILsOohQUL+JMUbzOo3OBFRcehJudYbqbCTArzCecS8nA1irUU9vvgQbg==
    dependencies:
      "@babel/runtime" "^7.11.2"
      "@rc-component/portal" "^1.0.2"
      classnames "^2.2.6"
      rc-dialog "~9.1.0"
      rc-motion "^2.6.2"
      rc-util "^5.34.1"
  
  rc-input-number@~8.0.2:
    version "8.0.4"
    resolved "https://registry.yarnpkg.com/rc-input-number/-/rc-input-number-8.0.4.tgz#d33cfe4126e10f4771fe11a40797222c76d6598f"
    integrity sha512-TP+G5b7mZtbwXJ/YEZXF/OgbEZ6iqD4+RSuxZJ8VGKGXDcdt0FKIvpFoNQr/knspdFC4OxA0OfsWfFWfN4XSyA==
    dependencies:
      "@babel/runtime" "^7.10.1"
      "@rc-component/mini-decimal" "^1.0.1"
      classnames "^2.2.5"
      rc-input "~1.1.0"
      rc-util "^5.28.0"
  
  rc-input@~1.1.0:
    version "1.1.1"
    resolved "https://registry.yarnpkg.com/rc-input/-/rc-input-1.1.1.tgz#af33b49272220f6d42852d21b22e84c2dc1a87e6"
    integrity sha512-NTR1Z4em681L8/ewb2KR80RykSmN8I2mzqzJDCoUmTrV1BB9Hk5d7ha4TnfgdEPPL148N+603sW2LExSXk1IbA==
    dependencies:
      "@babel/runtime" "^7.11.1"
      classnames "^2.2.1"
      rc-util "^5.18.1"
  
  rc-mentions@~2.5.0:
    version "2.5.0"
    resolved "https://registry.yarnpkg.com/rc-mentions/-/rc-mentions-2.5.0.tgz#8b936e497e0deb922f40df46e42efc3f596ec207"
    integrity sha512-rERXsbUTNVrb5T/iDC0ki/SRGWJnOVraDy6O25Us3FSpuUZ3uq2TPZB4fRk0Hss5kyiEPzz2sprhkI4b+F4jUw==
    dependencies:
      "@babel/runtime" "^7.22.5"
      "@rc-component/trigger" "^1.5.0"
      classnames "^2.2.6"
      rc-input "~1.1.0"
      rc-menu "~9.10.0"
      rc-textarea "~1.3.0"
      rc-util "^5.22.5"
  
  rc-menu@~9.10.0:
    version "9.10.0"
    resolved "https://registry.yarnpkg.com/rc-menu/-/rc-menu-9.10.0.tgz#5e0982e26786d67c8ebdba50406b197884c749a7"
    integrity sha512-g27kpXaAoJh/fkPZF65/d4V+w4DhDeqomBdPcGnkFAcJnEM4o21TnVccrBUoDedLKzC7wJRw1Q7VTqEsfEufmw==
    dependencies:
      "@babel/runtime" "^7.10.1"
      "@rc-component/trigger" "^1.6.2"
      classnames "2.x"
      rc-motion "^2.4.3"
      rc-overflow "^1.3.1"
      rc-util "^5.27.0"
  
  rc-motion@^2.0.0, rc-motion@^2.0.1, rc-motion@^2.3.0, rc-motion@^2.3.4, rc-motion@^2.4.3, rc-motion@^2.4.4, rc-motion@^2.6.0, rc-motion@^2.6.1, rc-motion@^2.6.2, rc-motion@^2.7.3:
    version "2.8.0"
    resolved "https://registry.yarnpkg.com/rc-motion/-/rc-motion-2.8.0.tgz#5a8231632d7f5304873661424f293d6ee389854b"
    integrity sha512-9gWWzlPvx/IJANj+t+ArqLCQ43rCWYLpOUe6+WJSAGb+b+fqBcfx81qPhg6b+ewa6g3mGNDhkTpBrVrCC4gcXA==
    dependencies:
      "@babel/runtime" "^7.11.1"
      classnames "^2.2.1"
      rc-util "^5.21.0"
  
  rc-notification@~5.0.4:
    version "5.0.5"
    resolved "https://registry.yarnpkg.com/rc-notification/-/rc-notification-5.0.5.tgz#33a86864b7491749742cfaef0df0117a9b967926"
    integrity sha512-uEz2jggourwv/rR0obe7RHEa63UchqX4k+e+Qt2c3LaY7U9Tc+L6ANhzgCKYSA/afm0ebjmNZHoB5Cv47xEOcA==
    dependencies:
      "@babel/runtime" "^7.10.1"
      classnames "2.x"
      rc-motion "^2.6.0"
      rc-util "^5.20.1"
  
  rc-overflow@^1.3.1:
    version "1.3.2"
    resolved "https://registry.yarnpkg.com/rc-overflow/-/rc-overflow-1.3.2.tgz#72ee49e85a1308d8d4e3bd53285dc1f3e0bcce2c"
    integrity sha512-nsUm78jkYAoPygDAcGZeC2VwIg/IBGSodtOY3pMof4W3M9qRJgqaDYm03ZayHlde3I6ipliAxbN0RUcGf5KOzw==
    dependencies:
      "@babel/runtime" "^7.11.1"
      classnames "^2.2.1"
      rc-resize-observer "^1.0.0"
      rc-util "^5.37.0"
  
  rc-pagination@~3.6.0:
    version "3.6.1"
    resolved "https://registry.yarnpkg.com/rc-pagination/-/rc-pagination-3.6.1.tgz#2db6678a57cd2f4f29d6c0416e282543af52d0df"
    integrity sha512-R/sUnKKXx1Nm4kZfUKS3YKa7yEPF1ZkVB/AynQaHt+nMER7h9wPTfliDJFdYo+RM/nk2JD4Yc5QpUq8fIQHeug==
    dependencies:
      "@babel/runtime" "^7.10.1"
      classnames "^2.2.1"
      rc-util "^5.32.2"
  
  rc-picker@~3.13.0:
    version "3.13.1"
    resolved "https://registry.yarnpkg.com/rc-picker/-/rc-picker-3.13.1.tgz#06adc7b1ccbcfa05ff1ac9aae0c696fb5546f20d"
    integrity sha512-211SrinX5IXZ9FMMDUMyPLuGOdfftUtd8zj4lqudpFxlMdtgV5+hXUJMBKb26xmDsleOm5iySK6KIHgiaI+U4w==
    dependencies:
      "@babel/runtime" "^7.10.1"
      "@rc-component/trigger" "^1.5.0"
      classnames "^2.2.1"
      rc-util "^5.30.0"
  
  rc-progress@~3.4.1:
    version "3.4.2"
    resolved "https://registry.yarnpkg.com/rc-progress/-/rc-progress-3.4.2.tgz#f8df9ee95e790490171ab6b31bf07303cdc79980"
    integrity sha512-iAGhwWU+tsayP+Jkl9T4+6rHeQTG9kDz8JAHZk4XtQOcYN5fj9H34NXNEdRdZx94VUDHMqCb1yOIvi8eJRh67w==
    dependencies:
      "@babel/runtime" "^7.10.1"
      classnames "^2.2.6"
      rc-util "^5.16.1"
  
  rc-rate@~2.12.0:
    version "2.12.0"
    resolved "https://registry.yarnpkg.com/rc-rate/-/rc-rate-2.12.0.tgz#0182deffed3b009cdcc61660da8746c39ed91ed5"
    integrity sha512-g092v5iZCdVzbjdn28FzvWebK2IutoVoiTeqoLTj9WM7SjA/gOJIw5/JFZMRyJYYVe1jLAU2UhAfstIpCNRozg==
    dependencies:
      "@babel/runtime" "^7.10.1"
      classnames "^2.2.5"
      rc-util "^5.0.1"
  
  rc-resize-observer@^1.0.0, rc-resize-observer@^1.1.0, rc-resize-observer@^1.2.0, rc-resize-observer@^1.3.1:
    version "1.3.1"
    resolved "https://registry.yarnpkg.com/rc-resize-observer/-/rc-resize-observer-1.3.1.tgz#b61b9f27048001243617b81f95e53d7d7d7a6a3d"
    integrity sha512-iFUdt3NNhflbY3mwySv5CA1TC06zdJ+pfo0oc27xpf4PIOvfZwZGtD9Kz41wGYqC4SLio93RVAirSSpYlV/uYg==
    dependencies:
      "@babel/runtime" "^7.20.7"
      classnames "^2.2.1"
      rc-util "^5.27.0"
      resize-observer-polyfill "^1.5.1"
  
  rc-segmented@~2.2.0:
    version "2.2.2"
    resolved "https://registry.yarnpkg.com/rc-segmented/-/rc-segmented-2.2.2.tgz#a34f12ce6c0975fc3042ae7656bcd18e1744798e"
    integrity sha512-Mq52M96QdHMsNdE/042ibT5vkcGcD5jxKp7HgPC2SRofpia99P5fkfHy1pEaajLMF/kj0+2Lkq1UZRvqzo9mSA==
    dependencies:
      "@babel/runtime" "^7.11.1"
      classnames "^2.2.1"
      rc-motion "^2.4.4"
      rc-util "^5.17.0"
  
  rc-select@~14.7.0, rc-select@~14.7.1:
    version "14.7.4"
    resolved "https://registry.yarnpkg.com/rc-select/-/rc-select-14.7.4.tgz#742d85861e83604237784f60e2ba9dabcde8eac9"
    integrity sha512-qRUpvMVXFy6rdHe+qzHXAqyQAfhErC/oY8dcRtoRjoz0lz2Nx3J+lLL5AnEbjnwlS+/kQTJUZ/65WyCwWwcLwQ==
    dependencies:
      "@babel/runtime" "^7.10.1"
      "@rc-component/trigger" "^1.5.0"
      classnames "2.x"
      rc-motion "^2.0.1"
      rc-overflow "^1.3.1"
      rc-util "^5.16.1"
      rc-virtual-list "^3.5.2"
  
  rc-slider@~10.1.0:
    version "10.1.1"
    resolved "https://registry.yarnpkg.com/rc-slider/-/rc-slider-10.1.1.tgz#5e82036e60b61021aba3ea0e353744dd7c74e104"
    integrity sha512-gn8oXazZISEhnmRinI89Z/JD/joAaM35jp+gDtIVSTD/JJMCCBqThqLk1SVJmvtfeiEF/kKaFY0+qt4SDHFUDw==
    dependencies:
      "@babel/runtime" "^7.10.1"
      classnames "^2.2.5"
      rc-util "^5.27.0"
  
  rc-steps@~6.0.1:
    version "6.0.1"
    resolved "https://registry.yarnpkg.com/rc-steps/-/rc-steps-6.0.1.tgz#c2136cd0087733f6d509209a84a5c80dc29a274d"
    integrity sha512-lKHL+Sny0SeHkQKKDJlAjV5oZ8DwCdS2hFhAkIjuQt1/pB81M0cA0ErVFdHq9+jmPmFw1vJB2F5NBzFXLJxV+g==
    dependencies:
      "@babel/runtime" "^7.16.7"
      classnames "^2.2.3"
      rc-util "^5.16.1"
  
  rc-switch@~4.1.0:
    version "4.1.0"
    resolved "https://registry.yarnpkg.com/rc-switch/-/rc-switch-4.1.0.tgz#f37d81b4e0c5afd1274fd85367b17306bf25e7d7"
    integrity sha512-TI8ufP2Az9oEbvyCeVE4+90PDSljGyuwix3fV58p7HV2o4wBnVToEyomJRVyTaZeqNPAp+vqeo4Wnj5u0ZZQBg==
    dependencies:
      "@babel/runtime" "^7.21.0"
      classnames "^2.2.1"
      rc-util "^5.30.0"
  
  rc-table@~7.32.1:
    version "7.32.3"
    resolved "https://registry.yarnpkg.com/rc-table/-/rc-table-7.32.3.tgz#9773563dc206ff12b6f023b7223b7056908d6241"
    integrity sha512-MqjrI/ibuGg7NEyFsux0dM5GK+3er1gTiZofAkifr2bHf/Sa1nUqXXFmSrYXSOjwpx0xyBnJ3GrHFCIqC/eOzw==
    dependencies:
      "@babel/runtime" "^7.10.1"
      "@rc-component/context" "^1.3.0"
      classnames "^2.2.5"
      rc-resize-observer "^1.1.0"
      rc-util "^5.27.1"
  
  rc-tabs@~12.9.0:
    version "12.9.0"
    resolved "https://registry.yarnpkg.com/rc-tabs/-/rc-tabs-12.9.0.tgz#6d9af43d8ad2c47be00c75bee92417a4842d29d2"
    integrity sha512-2HnVowgMVrq0DfQtyu4mCd9E6pXlWNdM6VaDvOOHMsLYqPmpY+7zBqUC6YrrQ9xYXHciTS0e7TtjOHIvpVCHLQ==
    dependencies:
      "@babel/runtime" "^7.11.2"
      classnames "2.x"
      rc-dropdown "~4.1.0"
      rc-menu "~9.10.0"
      rc-motion "^2.6.2"
      rc-resize-observer "^1.0.0"
      rc-util "^5.16.0"
  
  rc-textarea@~1.3.0, rc-textarea@~1.3.3:
    version "1.3.4"
    resolved "https://registry.yarnpkg.com/rc-textarea/-/rc-textarea-1.3.4.tgz#e77baf2202ac8f7e34a50ec9e15dd1dcb1501455"
    integrity sha512-wn0YjTpvcVolcfXa0HtzL+jgV2QcwtfB29RwNAKj8hMgZOju1V24M3TfEDjABeQEAQbUGbjMbISREOX/YSVKhg==
    dependencies:
      "@babel/runtime" "^7.10.1"
      classnames "^2.2.1"
      rc-input "~1.1.0"
      rc-resize-observer "^1.0.0"
      rc-util "^5.27.0"
  
  rc-tooltip@~6.0.0:
    version "6.0.1"
    resolved "https://registry.yarnpkg.com/rc-tooltip/-/rc-tooltip-6.0.1.tgz#6a5e33bd6c3f6afe8851ea90e7af43e5c26b3cc6"
    integrity sha512-MdvPlsD1fDSxKp9+HjXrc/CxLmA/s11QYIh1R7aExxfodKP7CZA++DG1AjrW80F8IUdHYcR43HAm0Y2BYPelHA==
    dependencies:
      "@babel/runtime" "^7.11.2"
      "@rc-component/trigger" "^1.0.4"
      classnames "^2.3.1"
  
  rc-tree-select@~5.11.0:
    version "5.11.2"
    resolved "https://registry.yarnpkg.com/rc-tree-select/-/rc-tree-select-5.11.2.tgz#66b4a95843c6c1e04ba923a485e8b13def3ad6d0"
    integrity sha512-ujRFO3pcjSg8R4ndXX2oiNcCu+RgO9ZPcd23CZy18Khm+nRsfWWS3Su7qB0iuoJgzAJ5LK7b6Dio0t7IQDGs9g==
    dependencies:
      "@babel/runtime" "^7.10.1"
      classnames "2.x"
      rc-select "~14.7.0"
      rc-tree "~5.7.0"
      rc-util "^5.16.1"
  
  rc-tree@~5.7.0, rc-tree@~5.7.6:
    version "5.7.10"
    resolved "https://registry.yarnpkg.com/rc-tree/-/rc-tree-5.7.10.tgz#3d66c2a81ffd24cbb8b816e7a747f626e57cb0fc"
    integrity sha512-n4UkMQY3bzvJUNnbw6e3YI7sy2kE9c9vAYbSt94qAhcPKtMOThONNr1LIaFB/M5XeFYYrWVbvRVoT8k38eFuSQ==
    dependencies:
      "@babel/runtime" "^7.10.1"
      classnames "2.x"
      rc-motion "^2.0.1"
      rc-util "^5.16.1"
      rc-virtual-list "^3.5.1"
  
  rc-upload@~4.3.0:
    version "4.3.4"
    resolved "https://registry.yarnpkg.com/rc-upload/-/rc-upload-4.3.4.tgz#83ff7d3867631c37adbfd72ea3d1fd7e97ca84af"
    integrity sha512-uVbtHFGNjHG/RyAfm9fluXB6pvArAGyAx8z7XzXXyorEgVIWj6mOlriuDm0XowDHYz4ycNK0nE0oP3cbFnzxiQ==
    dependencies:
      "@babel/runtime" "^7.18.3"
      classnames "^2.2.5"
      rc-util "^5.2.0"
  
  rc-util@^5.0.1, rc-util@^5.16.0, rc-util@^5.16.1, rc-util@^5.17.0, rc-util@^5.18.1, rc-util@^5.2.0, rc-util@^5.20.1, rc-util@^5.21.0, rc-util@^5.21.2, rc-util@^5.22.5, rc-util@^5.24.4, rc-util@^5.25.2, rc-util@^5.26.0, rc-util@^5.27.0, rc-util@^5.27.1, rc-util@^5.28.0, rc-util@^5.30.0, rc-util@^5.31.1, rc-util@^5.32.2, rc-util@^5.33.0, rc-util@^5.34.1, rc-util@^5.35.0, rc-util@^5.36.0, rc-util@^5.37.0:
    version "5.37.0"
    resolved "https://registry.yarnpkg.com/rc-util/-/rc-util-5.37.0.tgz#6df9a55cb469b41b6995530a45b5f3dd3219a4ea"
    integrity sha512-cPMV8DzaHI1KDaS7XPRXAf4J7mtBqjvjikLpQieaeOO7+cEbqY2j7Kso/T0R0OiEZTNcLS/8Zl9YrlXiO9UbjQ==
    dependencies:
      "@babel/runtime" "^7.18.3"
      react-is "^16.12.0"
  
  rc-virtual-list@^3.5.1, rc-virtual-list@^3.5.2:
    version "3.10.5"
    resolved "https://registry.yarnpkg.com/rc-virtual-list/-/rc-virtual-list-3.10.5.tgz#a203ca60bf3334e16193f641db1e99a48ae76574"
    integrity sha512-Vc89TL3JHfRlLVQXVj5Hmv0dIflgwmHDcbjt9lrZjOG3wNUDkTF5zci8kFDU/CzdmmqgKu+CUktEpT10VUKYSQ==
    dependencies:
      "@babel/runtime" "^7.20.0"
      classnames "^2.2.6"
      rc-resize-observer "^1.0.0"
      rc-util "^5.36.0"
  
  react-is@^16.12.0:
    version "16.13.1"
    resolved "https://registry.yarnpkg.com/react-is/-/react-is-16.13.1.tgz#789729a4dc36de2999dc156dd6c1d9c18cea56a4"
    integrity sha512-24e6ynE2H+OKt4kqsOvNd8kBpV65zoxbA4BVsEOB3ARVWQki/DHzaUoC5KuON/BiccDaCCTZBuOcfZs70kR8bQ==
  
  regenerator-runtime@^0.14.0:
    version "0.14.0"
    resolved "https://registry.yarnpkg.com/regenerator-runtime/-/regenerator-runtime-0.14.0.tgz#5e19d68eb12d486f797e15a3c6a918f7cec5eb45"
    integrity sha512-srw17NI0TUWHuGa5CFGGmhfNIeja30WMBfbslPNhf6JrqQlLN5gcrvig1oqPxiVaXb0oW0XRKtH6Nngs5lKCIA==
  
  requires-port@^1.0.0:
    version "1.0.0"
    resolved "https://registry.npmjs.org/requires-port/-/requires-port-1.0.0.tgz"
    integrity sha512-KigOCHcocU3XODJxsu8i/j8T9tzT4adHiecwORRQ0ZZFcp7ahwXuRU1m+yuO90C5ZUyGeGfocHDI14M3L3yDAQ==
  
  resize-observer-polyfill@^1.5.1:
    version "1.5.1"
    resolved "https://registry.yarnpkg.com/resize-observer-polyfill/-/resize-observer-polyfill-1.5.1.tgz#0e9020dd3d21024458d4ebd27e23e40269810464"
    integrity sha512-LwZrotdHOo12nQuZlHEmtuXdqGoOD0OhaxopaNFxWzInpEgaLWoVuAMbTzixuosCx2nEG58ngzW3vxdWoxIgdg==
  
  router@^1.3.8:
    version "1.3.8"
    resolved "https://registry.npmjs.org/router/-/router-1.3.8.tgz"
    integrity sha512-461UFH44NtSfIlS83PUg2N7OZo86BC/kB3dY77gJdsODsBhhw7+2uE0tzTINxrY9CahCUVk1VhpWCA5i1yoIEg==
    dependencies:
      array-flatten "3.0.0"
      debug "2.6.9"
      methods "~1.1.2"
      parseurl "~1.3.3"
      path-to-regexp "0.1.7"
      setprototypeof "1.2.0"
      utils-merge "1.0.1"
  
  safe-buffer@5.2.1:
    version "5.2.1"
    resolved "https://registry.npmjs.org/safe-buffer/-/safe-buffer-5.2.1.tgz"
    integrity sha512-rp3So07KcdmmKbGvgaNxQSJr7bGVSVk5S9Eq1F+ppbRo70+YeaDxkw5Dd8NPN+GD6bjnYm2VuPuCXmpuYvmCXQ==
  
  "safer-buffer@>= 2.1.2 < 3":
    version "2.1.2"
    resolved "https://registry.npmjs.org/safer-buffer/-/safer-buffer-2.1.2.tgz"
    integrity sha512-YZo3K82SD7Riyi0E1EQPojLz7kpepnSQI9IyPbHHg1XXXevb5dJI7tpyN2ADxGcQbHG7vcyRHk0cbwqcQriUtg==
  
  saslprep@^1.0.3:
    version "1.0.3"
    resolved "https://registry.npmjs.org/saslprep/-/saslprep-1.0.3.tgz"
    integrity sha512-/MY/PEMbk2SuY5sScONwhUDsV2p77Znkb/q3nSVstq/yQzYJOH/Azh29p9oJLsl3LnQwSvZDKagDGBsBwSooag==
    dependencies:
      sparse-bitfield "^3.0.3"
  
  scroll-into-view-if-needed@^3.0.3:
    version "3.0.10"
    resolved "https://registry.yarnpkg.com/scroll-into-view-if-needed/-/scroll-into-view-if-needed-3.0.10.tgz#38fbfe770d490baff0fb2ba34ae3539f6ec44e13"
    integrity sha512-t44QCeDKAPf1mtQH3fYpWz8IM/DyvHLjs8wUvvwMYxk5moOqCzrMSxK6HQVD0QVmVjXFavoFIPRVrMuJPKAvtg==
    dependencies:
      compute-scroll-into-view "^3.0.2"
  
  send@0.18.0:
    version "0.18.0"
    resolved "https://registry.npmjs.org/send/-/send-0.18.0.tgz"
    integrity sha512-qqWzuOjSFOuqPjFe4NOsMLafToQQwBSOEpS+FwEt3A2V3vKubTquT3vmLTQpFgMXp8AlFWFuP1qKaJZOtPpVXg==
    dependencies:
      debug "2.6.9"
      depd "2.0.0"
      destroy "1.2.0"
      encodeurl "~1.0.2"
      escape-html "~1.0.3"
      etag "~1.8.1"
      fresh "0.5.2"
      http-errors "2.0.0"
      mime "1.6.0"
      ms "2.1.3"
      on-finished "2.4.1"
      range-parser "~1.2.1"
      statuses "2.0.1"
  
  serve-static@1.15.0:
    version "1.15.0"
    resolved "https://registry.npmjs.org/serve-static/-/serve-static-1.15.0.tgz"
    integrity sha512-XGuRDNjXUijsUL0vl6nSD7cwURuzEgglbOaFuZM9g3kwDXOWVTck0jLzjPzGD+TazWbboZYu52/9/XPdUgne9g==
    dependencies:
      encodeurl "~1.0.2"
      escape-html "~1.0.3"
      parseurl "~1.3.3"
      send "0.18.0"
  
  setprototypeof@1.2.0:
    version "1.2.0"
    resolved "https://registry.npmjs.org/setprototypeof/-/setprototypeof-1.2.0.tgz"
    integrity sha512-E5LDX7Wrp85Kil5bhZv46j8jOeboKq5JMmYM3gVGdGH8xFpPWXUMsNrlODCrkoxMEeNi/XZIwuRvY4XNwYMJpw==
  
  side-channel@^1.0.4:
    version "1.0.4"
    resolved "https://registry.npmjs.org/side-channel/-/side-channel-1.0.4.tgz"
    integrity sha512-q5XPytqFEIKHkGdiMIrY10mvLRvnQh42/+GoBlFW3b2LXLE2xxJpZFdm94we0BaoV3RwJyGqg5wS7epxTv0Zvw==
    dependencies:
      call-bind "^1.0.0"
      get-intrinsic "^1.0.2"
      object-inspect "^1.9.0"
  
  sift@16.0.1:
    version "16.0.1"
    resolved "https://registry.npmjs.org/sift/-/sift-16.0.1.tgz"
    integrity sha512-Wv6BjQ5zbhW7VFefWusVP33T/EM0vYikCaQ2qR8yULbsilAT8/wQaXvuQ3ptGLpoKx+lihJE3y2UTgKDyyNHZQ==
  
  smart-buffer@^4.2.0:
    version "4.2.0"
    resolved "https://registry.npmjs.org/smart-buffer/-/smart-buffer-4.2.0.tgz"
    integrity sha512-94hK0Hh8rPqQl2xXc3HsaBoOXKV20MToPkcXvwbISWLEs+64sBq5kFgn2kJDHb1Pry9yrP0dxrCI9RRci7RXKg==
  
  socks@^2.7.1:
    version "2.7.1"
    resolved "https://registry.npmjs.org/socks/-/socks-2.7.1.tgz"
    integrity sha512-7maUZy1N7uo6+WVEX6psASxtNlKaNVMlGQKkG/63nEDdLOWNbiUMoLK7X4uYoLhQstau72mLgfEWcXcwsaHbYQ==
    dependencies:
      ip "^2.0.0"
      smart-buffer "^4.2.0"
  
  sparse-bitfield@^3.0.3:
    version "3.0.3"
    resolved "https://registry.npmjs.org/sparse-bitfield/-/sparse-bitfield-3.0.3.tgz"
    integrity sha512-kvzhi7vqKTfkh0PZU+2D2PIllw2ymqJKujUcyPMd9Y75Nv4nPbGJZXNhxsgdQab2BmlDct1YnfQCguEvHr7VsQ==
    dependencies:
      memory-pager "^1.0.2"
  
  statuses@2.0.1:
    version "2.0.1"
    resolved "https://registry.npmjs.org/statuses/-/statuses-2.0.1.tgz"
    integrity sha512-RwNA9Z/7PrK06rYLIzFMlaF+l73iwpzsqRIFgbMLbTcLD6cOao82TaWefPXQvB2fOC4AjuYSEndS7N/mTCbkdQ==
  
  string-convert@^0.2.0:
    version "0.2.1"
    resolved "https://registry.yarnpkg.com/string-convert/-/string-convert-0.2.1.tgz#6982cc3049fbb4cd85f8b24568b9d9bf39eeff97"
    integrity sha512-u/1tdPl4yQnPBjnVrmdLo9gtuLvELKsAoRapekWggdiQNvvvum+jYF329d84NAa660KQw7pB2n36KrIKVoXa3A==
  
  stylis@^4.0.13:
    version "4.3.0"
    resolved "https://registry.yarnpkg.com/stylis/-/stylis-4.3.0.tgz#abe305a669fc3d8777e10eefcfc73ad861c5588c"
    integrity sha512-E87pIogpwUsUwXw7dNyU4QDjdgVMy52m+XEOPEKUn161cCzWjjhPSQhByfd1CcNvrOLnXQ6OnnZDwnJrz/Z4YQ==
  
  throttle-debounce@^5.0.0:
    version "5.0.0"
    resolved "https://registry.yarnpkg.com/throttle-debounce/-/throttle-debounce-5.0.0.tgz#a17a4039e82a2ed38a5e7268e4132d6960d41933"
    integrity sha512-2iQTSgkkc1Zyk0MeVrt/3BvuOXYPl/R8Z0U2xxo9rjwNciaHDG3R+Lm6dh4EeUci49DanvBnuqI6jshoQQRGEg==
  
  to-regex-range@^5.0.1:
    version "5.0.1"
    resolved "https://registry.npmjs.org/to-regex-range/-/to-regex-range-5.0.1.tgz"
    integrity sha512-65P7iz6X5yEr1cwcgvQxbbIw7Uk3gOy5dIdtZ4rDveLqhrdJP+Li/Hx6tyK0NEb+2GCyneCMJiGqrADCSNk8sQ==
    dependencies:
      is-number "^7.0.0"
  
  toggle-selection@^1.0.6:
    version "1.0.6"
    resolved "https://registry.yarnpkg.com/toggle-selection/-/toggle-selection-1.0.6.tgz#6e45b1263f2017fa0acc7d89d78b15b8bf77da32"
    integrity sha512-BiZS+C1OS8g/q2RRbJmy59xpyghNBqrr6k5L/uKBGRsTfxmu3ffiRnd8mlGPUVayg8pvfi5urfnu8TU7DVOkLQ==
  
  toidentifier@1.0.1:
    version "1.0.1"
    resolved "https://registry.npmjs.org/toidentifier/-/toidentifier-1.0.1.tgz"
    integrity sha512-o5sSPKEkg/DIQNmH43V0/uerLrpzVedkUh8tGNvaeXpfpuwjKenlSox/2O/BTlZUtEe+JG7s5YhEz608PlAHRA==
  
  tr46@^3.0.0:
    version "3.0.0"
    resolved "https://registry.npmjs.org/tr46/-/tr46-3.0.0.tgz"
    integrity sha512-l7FvfAHlcmulp8kr+flpQZmVwtu7nfRV7NZujtN0OqES8EL4O4e0qqzL0DC5gAvx/ZC/9lk6rhcUwYvkBnBnYA==
    dependencies:
      punycode "^2.1.1"
  
  type-is@~1.6.18:
    version "1.6.18"
    resolved "https://registry.npmjs.org/type-is/-/type-is-1.6.18.tgz"
    integrity sha512-TkRKr9sUTxEH8MdfuCSP7VizJyzRNMjj2J2do2Jr3Kym598JVdEksuzPQCnlFPW4ky9Q+iA+ma9BGm06XQBy8g==
    dependencies:
      media-typer "0.3.0"
      mime-types "~2.1.24"
  
  unpipe@1.0.0, unpipe@~1.0.0:
    version "1.0.0"
    resolved "https://registry.npmjs.org/unpipe/-/unpipe-1.0.0.tgz"
    integrity sha512-pjy2bYhSsufwWlKwPc+l3cN7+wuJlK6uz0YdJEOlQDbl6jo/YlPi4mb8agUkVC8BF7V8NuzeyPNqRksA3hztKQ==
  
  utils-merge@1.0.1:
    version "1.0.1"
    resolved "https://registry.npmjs.org/utils-merge/-/utils-merge-1.0.1.tgz"
    integrity sha512-pMZTvIkT1d+TFGvDOqodOclx0QWkkgi6Tdoa8gC8ffGAAqz9pzPTZWAybbsHHoED/ztMtkv/VoYTYyShUn81hA==
  
  vary@~1.1.2:
    version "1.1.2"
    resolved "https://registry.npmjs.org/vary/-/vary-1.1.2.tgz"
    integrity sha512-BNGbWLfd0eUPabhkXUVm0j8uuvREyTh5ovRa/dyow/BqAbZJyC+5fU+IzQOzmAKzYqYRAISoRhdQr3eIZ/PXqg==
  
  webidl-conversions@^7.0.0:
    version "7.0.0"
    resolved "https://registry.npmjs.org/webidl-conversions/-/webidl-conversions-7.0.0.tgz"
    integrity sha512-VwddBukDzu71offAQR975unBIGqfKZpM+8ZX6ySk8nYhVoo5CYaZyzt3YBvYtRtO+aoGlqxPg/B87NGVZ/fu6g==
  
  whatwg-url@^11.0.0:
    version "11.0.0"
    resolved "https://registry.npmjs.org/whatwg-url/-/whatwg-url-11.0.0.tgz"
    integrity sha512-RKT8HExMpoYx4igMiVMY83lN6UeITKJlBQ+vR/8ZJ8OCdSiN3RwCq+9gH0+Xzj0+5IrM6i4j/6LuvzbZIQgEcQ==
    dependencies:
      tr46 "^3.0.0"
      webidl-conversions "^7.0.0"
  
  yarn@^1.22.19:
    version "1.22.19"
    resolved "https://registry.npmjs.org/yarn/-/yarn-1.22.19.tgz"
    integrity sha512-/0V5q0WbslqnwP91tirOvldvYISzaqhClxzyUKXYxs07yUILIs5jx/k6CFe8bvKSkds5w+eiOqta39Wk3WxdcQ==
